<?xml version="1.0" encoding="utf-8"?><testsuites name="pytest tests"><testsuite name="pytest" errors="0" failures="0" skipped="1" tests="13" time="5.905" timestamp="2026-08-19T01:13:43.311408+00:00" hostname="agent-env-a70a5bac-72b5-4fcc-aab5-732095e525cd"><testcase classname="tests.test_admin_features.TestAdminAuth" name="test_admin_members_ok" time="0.658" /><testcase classname="tests.test_admin_features.TestAdminAuth" name="test_non_admin_forbidden_all_admin_endpoints" time="2.024" /><testcase classname="tests.test_admin_features.TestBans" name="test_chat_ban_blocks_chat_but_not_me" time="1.816" /><testcase classname="tests.test_admin_features.TestBans" name="test_all_ban_kills_session_and_blocks_login" time="1.659" /><testcase classname="tests.test_admin_features.TestBadges" name="test_grant_and_revoke_badge" time="0.399" /><testcase classname="tests.test_admin_features.TestFounderGrant" name="test_founder_grant_and_public" time="0.638" /><testcase classname="tests.test_admin_features.TestVerify" name="test_verify_member" time="0.120" /><testcase classname="tests.test_admin_features.TestRank" name="test_rank_up_and_down" time="0.619" /><testcase classname="tests.test_admin_features.TestFeatured" name="test_feature_add_get_delete" time="1.131" /><testcase classname="tests.test_admin_features.TestJudgeCommentDelete" name="test_admin_and_author_and_other_permissions" time="0.125"><skipped type="pytest.skip" message="No judge submissions available; skipping comment-delete flow">/app/backend/tests/test_admin_features.py:229: No judge submissions available; skipping comment-delete flow</skipped></testcase><testcase classname="tests.test_admin_features.TestRegression" name="test_bot_login_me_leaderboard_founders" time="0.773" /><testcase classname="tests.test_admin_features.TestEnhancedTheme" name="test_toggle_on_off" time="0.291" /><testcase classname="tests.test_admin_features" name="test_zz_cleanup" time="0.441" /></testsuite></testsuites>