<?xml version="1.0" encoding="utf-8"?><testsuites name="pytest tests"><testsuite name="pytest" errors="0" failures="0" skipped="0" tests="10" time="3.785" timestamp="2026-08-19T11:46:50.724809+00:00" hostname="agent-env-a70a5bac-72b5-4fcc-aab5-732095e525cd"><testcase classname="tests.test_iter22_rival_peek_season_beard.TestSeasonSkinRow" name="test_gear_has_season_skin_row" time="0.646" /><testcase classname="tests.test_iter22_rival_peek_season_beard.TestSeasonSkinEquipGating" name="test_equip_season_skin_forbidden_when_not_earned" time="0.477" /><testcase classname="tests.test_iter22_rival_peek_season_beard.TestSeasonSkinEquipGating" name="test_equip_season_skin_grants_and_equips_when_boss_ge_6" time="0.378" /><testcase classname="tests.test_iter22_rival_peek_season_beard.TestSeasonSkinLootDrop" name="test_loot_helper_drops_skin_season1_and_grants" time="0.254" /><testcase classname="tests.test_iter22_rival_peek_season_beard.TestSeasonSkinLootDrop" name="test_loot_helper_no_season_drop_before_threshold" time="0.006" /><testcase classname="tests.test_iter22_rival_peek_season_beard.TestBeardToggle" name="test_patch_equipped_beard_beard_persists" time="0.233" /><testcase classname="tests.test_iter22_rival_peek_season_beard.TestBeardToggle" name="test_patch_equipped_beard_none_persists" time="0.362" /><testcase classname="tests.test_iter22_rival_peek_season_beard.TestBeardToggle" name="test_public_endpoint_returns_equipped_beard" time="0.246" /><testcase classname="tests.test_iter22_rival_peek_season_beard.TestPublicEndpointForRivalPeek" name="test_public_has_all_equipped_fields" time="0.689" /><testcase classname="tests.test_iter22_rival_peek_season_beard.TestChatEnrichmentBeard" name="test_chat_message_has_equipped_beard" time="0.409" /></testsuite></testsuites>