<?xml version="1.0" encoding="utf-8"?><testsuites name="pytest tests"><testsuite name="pytest" errors="0" failures="0" skipped="0" tests="16" time="4.302" timestamp="2026-08-19T17:05:04.093480+00:00" hostname="agent-env-a70a5bac-72b5-4fcc-aab5-732095e525cd"><testcase classname="tests.test_inperson_booking.TestBookingRequest" name="test_client_can_request" time="1.827" /><testcase classname="tests.test_inperson_booking.TestApproveDeclineCancel" name="test_nonadmin_cannot_approve" time="2.260" /><testcase classname="tests.test_inperson_booking.TestBookingRequest" name="test_nonclient_forbidden" time="0.174" /><testcase classname="tests.test_inperson_booking.TestBookingRequest" name="test_invalid_date" time="0.178" /><testcase classname="tests.test_inperson_booking.TestBookingRequest" name="test_invalid_time" time="0.138" /><testcase classname="tests.test_inperson_booking.TestApproveDeclineCancel" name="test_admin_approve_sets_next_session" time="0.675" /><testcase classname="tests.test_inperson_booking.TestBookingsList" name="test_client_sees_own" time="0.305" /><testcase classname="tests.test_inperson_booking.TestBookingsList" name="test_admin_sees_all" time="0.207" /><testcase classname="tests.test_inperson_booking.TestBookingsList" name="test_admin_filter_by_client" time="0.143" /><testcase classname="tests.test_inperson_booking.TestApproveDeclineCancel" name="test_admin_decline" time="0.440" /><testcase classname="tests.test_inperson_booking.TestInPersonRegression" name="test_admin_list_clients" time="0.153" /><testcase classname="tests.test_inperson_booking.TestInPersonRegression" name="test_thread_open" time="0.157" /><testcase classname="tests.test_inperson_booking.TestInPersonRegression" name="test_send_message" time="0.176" /><testcase classname="tests.test_inperson_booking.TestApproveDeclineCancel" name="test_cancel_by_client" time="0.285" /><testcase classname="tests.test_inperson_booking.TestRegisterPushWired" name="test_route_exists" time="0.440" /><testcase classname="tests.test_inperson_booking.TestApproveDeclineCancel" name="test_cancel_by_admin" time="0.316" /></testsuite></testsuites>