<?xml version="1.0" encoding="utf-8"?><testsuites name="pytest tests"><testsuite name="pytest" errors="0" failures="0" skipped="0" tests="10" time="4.636" timestamp="2026-08-19T10:35:33.059868+00:00" hostname="agent-env-a70a5bac-72b5-4fcc-aab5-732095e525cd"><testcase classname="tests.test_gear_hair_lootdrop.TestHairColour" name="test_patch_equipped_hair_persists" time="1.641" /><testcase classname="tests.test_gear_hair_lootdrop.TestHairColour" name="test_equipped_hair_in_public_endpoint" time="0.212" /><testcase classname="tests.test_gear_hair_lootdrop.TestHairColour" name="test_null_equipped_hair_clears" time="0.265" /><testcase classname="tests.test_gear_hair_lootdrop.TestLootDrop" name="test_claim_response_has_loot_key" time="0.097" /><testcase classname="tests.test_gear_hair_lootdrop.TestLootDrop" name="test_loot_helper_shadow_assassin_and_soul_scythe" time="0.308" /><testcase classname="tests.test_gear_hair_lootdrop.TestLootDrop" name="test_loot_helper_frost_sovereign_at_boss_5" time="0.347" /><testcase classname="tests.test_gear_hair_lootdrop.TestLootDrop" name="test_loot_helper_storm_spear_at_monthly_4" time="0.005" /><testcase classname="tests.test_gear_hair_lootdrop.TestLootDrop" name="test_loot_helper_no_crossing_returns_empty" time="0.004" /><testcase classname="tests.test_gear_hair_lootdrop.TestGearInFeed" name="test_chat_messages_include_equipped_weapon_and_hair" time="0.771" /><testcase classname="tests.test_gear_hair_lootdrop.TestGearInFeed" name="test_leaderboard_xp_has_equipped_fields" time="0.933" /></testsuite></testsuites>