<?xml version="1.0" encoding="utf-8"?><testsuites name="pytest tests"><testsuite name="pytest" errors="0" failures="0" skipped="0" tests="17" time="7.799" timestamp="2026-08-19T17:51:49.398567+00:00" hostname="agent-env-a70a5bac-72b5-4fcc-aab5-732095e525cd"><testcase classname="tests.test_iter26_features.TestRescheduleProposedBy" name="test_coach_reschedule_sets_proposed_by_coach_and_pending" time="1.362" /><testcase classname="tests.test_iter26_features.TestRescheduleProposedBy" name="test_client_reschedule_sets_proposed_by_client" time="0.422" /><testcase classname="tests.test_iter26_features.TestRescheduleProposedBy" name="test_reschedule_non_owner_non_admin_403" time="0.868" /><testcase classname="tests.test_iter26_features.TestRescheduleProposedBy" name="test_reschedule_bad_date" time="0.434" /><testcase classname="tests.test_iter26_features.TestRescheduleProposedBy" name="test_reschedule_bad_time" time="0.556" /><testcase classname="tests.test_iter26_features.TestBookingAccept" name="test_client_accept_flips_pending_to_approved_and_sets_next_session" time="0.850" /><testcase classname="tests.test_iter26_features.TestBookingAccept" name="test_accept_by_non_owner_403" time="0.535" /><testcase classname="tests.test_iter26_features.TestBookingAccept" name="test_accept_missing_booking_404" time="0.183" /><testcase classname="tests.test_iter26_features.TestThreadAttendanceAndProposedBy" name="test_thread_returns_attendance_total_admin" time="0.132" /><testcase classname="tests.test_iter26_features.TestThreadAttendanceAndProposedBy" name="test_thread_returns_attendance_total_client" time="0.153" /><testcase classname="tests.test_iter26_features.TestThreadAttendanceAndProposedBy" name="test_attendance_total_equals_real_count" time="0.462" /><testcase classname="tests.test_iter26_features.TestThreadAttendanceAndProposedBy" name="test_bookings_include_proposed_by" time="0.604" /><testcase classname="tests.test_iter26_features.TestProfilePRs" name="test_prs_endpoint_shape" time="0.118" /><testcase classname="tests.test_iter26_features.TestProfilePRs" name="test_prs_recent_has_pr_events" time="0.135" /><testcase classname="tests.test_iter26_features.TestProfilePRs" name="test_new_workout_pr_creates_new_recent_entry" time="0.408" /><testcase classname="tests.test_iter26_features.TestBookingRegression" name="test_request_and_decline" time="0.251" /><testcase classname="tests.test_iter26_features.TestBookingRegression" name="test_request_and_cancel_by_owner" time="0.271" /></testsuite></testsuites>