<?xml version="1.0" encoding="utf-8"?><testsuites name="pytest tests"><testsuite name="pytest" errors="0" failures="0" skipped="0" tests="22" time="4.530" timestamp="2026-08-19T04:48:32.338821+00:00" hostname="agent-env-a70a5bac-72b5-4fcc-aab5-732095e525cd"><testcase classname="tests.test_armory_gear_store.TestGearList" name="test_gear_shape_and_counts" time="0.495" /><testcase classname="tests.test_armory_gear_store.TestGearList" name="test_paid_skin_monthly_fields" time="0.097" /><testcase classname="tests.test_armory_gear_store.TestEquip" name="test_bot1_locked_skin_403" time="0.114" /><testcase classname="tests.test_armory_gear_store.TestEquip" name="test_bot1_unlocked_skin_200" time="0.116" /><testcase classname="tests.test_armory_gear_store.TestEquip" name="test_equip_null_unequips" time="0.104" /><testcase classname="tests.test_armory_gear_store.TestEquip" name="test_bot1_paid_skin_unowned_403" time="0.102" /><testcase classname="tests.test_armory_gear_store.TestEquip" name="test_bot1_quest_skin_locked_403" time="0.122" /><testcase classname="tests.test_armory_gear_store.TestEquip" name="test_bot10_can_equip_high_level_skin" time="0.426" /><testcase classname="tests.test_armory_gear_store.TestEquip" name="test_bot1_weapon_locked_403" time="0.112" /><testcase classname="tests.test_armory_gear_store.TestEquip" name="test_bot10_weapon_unlocked_200" time="0.120" /><testcase classname="tests.test_armory_gear_store.TestEquip" name="test_unknown_skin_404" time="0.130" /><testcase classname="tests.test_armory_gear_store.TestPurchase" name="test_purchase_current_month_grants" time="0.468" /><testcase classname="tests.test_armory_gear_store.TestPurchase" name="test_purchase_vaulted_410" time="0.210" /><testcase classname="tests.test_armory_gear_store.TestPurchase" name="test_purchase_weapon_ok" time="0.156" /><testcase classname="tests.test_armory_gear_store.TestPurchase" name="test_purchase_unknown_404" time="0.110" /><testcase classname="tests.test_armory_gear_store.TestStore" name="test_store_returns_seeded_badges" time="0.111" /><testcase classname="tests.test_armory_gear_store.TestStore" name="test_store_returns_seeded_titles" time="0.097" /><testcase classname="tests.test_armory_gear_store.TestStore" name="test_store_items_have_rarity" time="0.114" /><testcase classname="tests.test_armory_gear_store.TestUnlockables" name="test_unlockables_returns_bg_and_widgets" time="0.108" /><testcase classname="tests.test_armory_gear_store.TestEquippedSkinPropagation" name="test_public_user_has_equipped_skin" time="0.527" /><testcase classname="tests.test_armory_gear_store.TestEquippedSkinPropagation" name="test_leaderboard_contains_equipped_skin" time="0.218" /><testcase classname="tests.test_armory_gear_store.TestEquippedSkinPropagation" name="test_chat_messages_include_equipped_skin" time="0.348" /></testsuite></testsuites>