<?xml version="1.0" encoding="utf-8"?><testsuites name="pytest tests"><testsuite name="pytest" errors="0" failures="0" skipped="0" tests="6" time="2.971" timestamp="2026-08-18T21:16:08.197973+00:00" hostname="agent-env-a70a5bac-72b5-4fcc-aab5-732095e525cd"><testcase classname="tests.test_enhanced_ped" name="test_enhanced_peds_non_empty" time="0.629" /><testcase classname="tests.test_enhanced_ped" name="test_enhanced_status" time="0.182" /><testcase classname="tests.test_enhanced_ped" name="test_enhanced_regimen_shape" time="0.158" /><testcase classname="tests.test_enhanced_ped" name="test_post_regimen_activates_and_replaces" time="0.829" /><testcase classname="tests.test_enhanced_ped" name="test_post_regimen_non_enhanced_forbidden" time="0.667" /><testcase classname="tests.test_enhanced_ped" name="test_fresh_user_status_not_enhanced" time="0.186" /></testsuite></testsuites>