<?xml version="1.0" encoding="utf-8"?><testsuites name="pytest tests"><testsuite name="pytest" errors="0" failures="0" skipped="1" tests="12" time="4.841" timestamp="2026-08-18T05:09:10.304532+00:00" hostname="agent-env-a70a5bac-72b5-4fcc-aab5-732095e525cd"><testcase classname="tests.test_founders_judge_customprogram.TestRankLadder" name="test_seed_ranks" time="1.040" /><testcase classname="tests.test_founders_judge_customprogram.TestRankLadder" name="test_unlockables_has_new_backgrounds" time="0.146" /><testcase classname="tests.test_founders_judge_customprogram.TestCustomProgram" name="test_status_default" time="0.102" /><testcase classname="tests.test_founders_judge_customprogram.TestCustomProgram" name="test_intake_requires_purchase" time="0.095"><skipped type="pytest.skip" message="freak already purchased — cannot test 403 path">/app/backend/tests/test_founders_judge_customprogram.py:73: freak already purchased — cannot test 403 path</skipped></testcase><testcase classname="tests.test_founders_judge_customprogram.TestCustomProgram" name="test_unlock_then_intake_then_status" time="0.395" /><testcase classname="tests.test_founders_judge_customprogram.TestFounders" name="test_founders_list_shape" time="0.119" /><testcase classname="tests.test_founders_judge_customprogram.TestFounders" name="test_backer_flag" time="0.300" /><testcase classname="tests.test_founders_judge_customprogram.TestJudge" name="test_submit_physique" time="1.908" /><testcase classname="tests.test_founders_judge_customprogram.TestJudge" name="test_feed_contains_submission" time="0.111" /><testcase classname="tests.test_founders_judge_customprogram.TestJudge" name="test_post_and_get_comment" time="0.350" /><testcase classname="tests.test_founders_judge_customprogram.TestJudge" name="test_reject_bad_mime" time="0.099" /><testcase classname="tests.test_founders_judge_customprogram.TestJudge" name="test_empty_comment_rejected" time="0.118" /></testsuite></testsuites>