<?xml version="1.0" encoding="utf-8"?><testsuites name="pytest tests"><testsuite name="pytest" errors="0" failures="0" skipped="0" tests="6" time="3.166" timestamp="2026-08-19T21:32:19.788097+00:00" hostname="agent-env-a70a5bac-72b5-4fcc-aab5-732095e525cd"><testcase classname="tests.test_iter28_is_creator.TestBotNotCreator" name="test_auth_me_is_creator_false" time="0.965" /><testcase classname="tests.test_iter28_is_creator.TestOwnerIsCreator" name="test_auth_me_has_is_creator_true" time="1.173" /><testcase classname="tests.test_iter28_is_creator.TestBotNotCreator" name="test_profile_me_is_creator_false" time="0.313" /><testcase classname="tests.test_iter28_is_creator.TestOwnerIsCreator" name="test_profile_me_has_is_creator_true" time="0.285" /><testcase classname="tests.test_iter28_is_creator.TestToggleIsCreator" name="test_bot_becomes_creator_after_setting_tiktok" time="0.940" /><testcase classname="tests.test_iter28_is_creator.TestToggleIsCreator" name="test_bot_reverts_to_non_creator_when_cleared" time="0.440" /></testsuite></testsuites>