<?xml version="1.0" encoding="utf-8"?><testsuites name="pytest tests"><testsuite name="pytest" errors="0" failures="0" skipped="0" tests="5" time="5.462" timestamp="2026-08-18T05:08:51.636112+00:00" hostname="agent-env-a70a5bac-72b5-4fcc-aab5-732095e525cd"><testcase classname="tests.test_founders_judge_customprogram.TestJudge" name="test_submit_physique" time="4.537" /><testcase classname="tests.test_founders_judge_customprogram.TestJudge" name="test_feed_contains_submission" time="0.172" /><testcase classname="tests.test_founders_judge_customprogram.TestJudge" name="test_post_and_get_comment" time="0.393" /><testcase classname="tests.test_founders_judge_customprogram.TestJudge" name="test_reject_bad_mime" time="0.144" /><testcase classname="tests.test_founders_judge_customprogram.TestJudge" name="test_empty_comment_rejected" time="0.126" /></testsuite></testsuites>