<?xml version="1.0" encoding="utf-8"?><testsuites name="pytest tests"><testsuite name="pytest" errors="0" failures="0" skipped="0" tests="17" time="5.873" timestamp="2026-08-19T17:23:58.390898+00:00" hostname="agent-env-a70a5bac-72b5-4fcc-aab5-732095e525cd"><testcase classname="tests.test_new_iter25_features.TestCompoundLeaderboards" name="test_board_ok_sorted_and_label[squat]" time="0.606" /><testcase classname="tests.test_new_iter25_features.TestCompoundLeaderboards" name="test_board_ok_sorted_and_label[bench]" time="0.156" /><testcase classname="tests.test_new_iter25_features.TestCompoundLeaderboards" name="test_board_ok_sorted_and_label[deadlift]" time="0.185" /><testcase classname="tests.test_new_iter25_features.TestCompoundLeaderboards" name="test_regression_xp_strength_ratio_season" time="0.753" /><testcase classname="tests.test_new_iter25_features.TestGymGroupChat" name="test_get_gym_without_gym_403" time="0.542" /><testcase classname="tests.test_new_iter25_features.TestGymGroupChat" name="test_post_gym_without_gym_403" time="0.138" /><testcase classname="tests.test_new_iter25_features.TestGymGroupChat" name="test_post_and_get_gym_with_gym_ok" time="0.681" /><testcase classname="tests.test_new_iter25_features.TestGymGroupChat" name="test_gym_scoped_isolation" time="0.635" /><testcase classname="tests.test_new_iter25_features.TestGymGroupChat" name="test_regression_main_and_the_room" time="0.278" /><testcase classname="tests.test_new_iter25_features.TestReschedule" name="test_reschedule_flips_to_pending" time="0.458" /><testcase classname="tests.test_new_iter25_features.TestReschedule" name="test_reschedule_invalid_date" time="0.138" /><testcase classname="tests.test_new_iter25_features.TestReschedule" name="test_reschedule_invalid_time" time="0.151" /><testcase classname="tests.test_new_iter25_features.TestReschedule" name="test_reschedule_by_non_owner_forbidden" time="0.137" /><testcase classname="tests.test_new_iter25_features.TestReschedule" name="test_admin_can_reschedule" time="0.153" /><testcase classname="tests.test_new_iter25_features.TestAdminUnreadAndClients" name="test_unread_includes_pending_requests" time="0.494" /><testcase classname="tests.test_new_iter25_features.TestAdminUnreadAndClients" name="test_clients_list_has_pending_requests_per_client" time="0.161" /><testcase classname="tests.test_new_iter25_features.TestAdminUnreadAndClients" name="test_client_unread_no_pending_field_but_present" time="0.127" /></testsuite></testsuites>