<?xml version="1.0" encoding="utf-8"?><testsuites name="pytest tests"><testsuite name="pytest" errors="0" failures="0" skipped="0" tests="6" time="7.149" timestamp="2026-08-20T04:15:20.569252+00:00" hostname="agent-env-a70a5bac-72b5-4fcc-aab5-732095e525cd"><testcase classname="tests.test_clan_invite_reward_farming.TestInviteRewardFarming" name="test_first_join_grants_rewards" time="1.985" /><testcase classname="tests.test_clan_invite_reward_farming.TestInviteRewardFarming" name="test_rejoin_pays_zero" time="1.010" /><testcase classname="tests.test_clan_invite_reward_farming.TestInviteRewardFarming" name="test_multiple_rejoins_still_zero" time="0.495" /><testcase classname="tests.test_clan_invite_reward_farming.TestNewMemberStillGetsReward" name="test_new_member_first_join" time="0.976" /><testcase classname="tests.test_clan_invite_reward_farming.TestTwoGroupCap" name="test_third_group_rejected" time="1.272" /><testcase classname="tests.test_clan_invite_reward_farming.TestOfficerPowers" name="test_officer_can_approve_and_announce_but_not_remove_or_promote" time="1.338" /></testsuite></testsuites>