<?xml version="1.0" encoding="utf-8"?><testsuites name="pytest tests"><testsuite name="pytest" errors="0" failures="0" skipped="0" tests="13" time="5.879" timestamp="2026-08-19T00:44:30.648118+00:00" hostname="agent-env-a70a5bac-72b5-4fcc-aab5-732095e525cd"><testcase classname="tests.test_founder_referral_creator.TestFounderSpotlight" name="test_public_founder_flag" time="0.877" /><testcase classname="tests.test_founder_referral_creator.TestReferralFlow" name="test_1_register_inviter_ok" time="0.770" /><testcase classname="tests.test_founder_referral_creator.TestReferralFlow" name="test_2_referral_info_initial" time="0.117" /><testcase classname="tests.test_founder_referral_creator.TestFounderSpotlight" name="test_founders_endpoint_me_and_creators_key" time="0.928" /><testcase classname="tests.test_founder_referral_creator.TestReferralFlow" name="test_3_three_referred_signups_get_50xp" time="2.297" /><testcase classname="tests.test_founder_referral_creator.TestRegression" name="test_bot_login" time="0.744" /><testcase classname="tests.test_founder_referral_creator.TestRegression" name="test_leaderboard_and_founders" time="0.747" /><testcase classname="tests.test_founder_referral_creator.TestReferralFlow" name="test_4_inviter_count_and_badge" time="0.135" /><testcase classname="tests.test_founder_referral_creator.TestCreatorBadge" name="test_creator_flow" time="2.090" /><testcase classname="tests.test_founder_referral_creator.TestReferralFlow" name="test_5_inviter_me_xp_and_recruiter_badge" time="0.122" /><testcase classname="tests.test_founder_referral_creator.TestReferralFlow" name="test_6_invalid_code_signup" time="0.738" /><testcase classname="tests.test_founder_referral_creator.TestReferralFlow" name="test_7_self_referral_no_effect" time="0.619" /><testcase classname="tests.test_founder_referral_creator.TestFoundersSpotsPublic" name="test_no_auth" time="0.172" /></testsuite></testsuites>