<?xml version="1.0" encoding="utf-8"?><testsuites name="pytest tests"><testsuite name="pytest" errors="0" failures="3" skipped="0" tests="21" time="4.640" timestamp="2026-08-19T21:18:40.382246+00:00" hostname="agent-env-a70a5bac-72b5-4fcc-aab5-732095e525cd"><testcase classname="tests.test_iter27_features.TestGroupChallenges" name="test_group_challenge_shape" time="0.949" /><testcase classname="tests.test_iter27_features.TestGroupChallenges" name="test_group_challenge_admin_flag" time="0.662" /><testcase classname="tests.test_iter27_features.TestGymsVerifyAndLogo" name="test_verify_toggle_on" time="1.755" /><testcase classname="tests.test_iter27_features.TestGroupChallenges" name="test_non_admin_cannot_start" time="0.133" /><testcase classname="tests.test_iter27_features.TestGroupChallenges" name="test_non_admin_cannot_finalize" time="0.237" /><testcase classname="tests.test_iter27_features.TestGymsVerifyAndLogo" name="test_verify_toggle_off" time="0.264" /><testcase classname="tests.test_iter27_features.TestGroupChallenges" name="test_admin_start_rejects_if_active" time="0.156" /><testcase classname="tests.test_iter27_features.TestSocialYouTube" name="test_patch_and_normalize_full_url" time="0.435"><failure message="AssertionError: assert None is True&#10; +  where None = &lt;built-in method get of dict object at 0xf9f357eda100&gt;('is_creator')&#10; +    where &lt;built-in method get of dict object at 0xf9f357eda100&gt; = {'user_id': 'usr_5683a08230cf', 'email': 'bot1@circle.ai', 'picture': '', 'created_at': '2026-08-18T02:55:37.229000', ...}.get">backend/tests/test_iter27_features.py:226: in test_patch_and_normalize_full_url
    assert me.get("is_creator") is True
E   AssertionError: assert None is True
E    +  where None = &lt;built-in method get of dict object at 0xf9f357eda100&gt;('is_creator')
E    +    where &lt;built-in method get of dict object at 0xf9f357eda100&gt; = {'user_id': 'usr_5683a08230cf', 'email': 'bot1@circle.ai', 'picture': '', 'created_at': '2026-08-18T02:55:37.229000', ...}.get</failure></testcase><testcase classname="tests.test_iter27_features.TestGymsVerifyAndLogo" name="test_non_admin_cannot_verify" time="0.503" /><testcase classname="tests.test_iter27_features.TestGymsVerifyAndLogo" name="test_logo_upload_rejects_non_image" time="0.152" /><testcase classname="tests.test_iter27_features.TestSocialYouTube" name="test_patch_handle_form" time="0.316"><failure message="AssertionError: assert None is True&#10; +  where None = &lt;built-in method get of dict object at 0xf9f357d77040&gt;('is_creator')&#10; +    where &lt;built-in method get of dict object at 0xf9f357d77040&gt; = {'user_id': 'usr_5683a08230cf', 'email': 'bot1@circle.ai', 'picture': '', 'created_at': '2026-08-18T02:55:37.229000', ...}.get">backend/tests/test_iter27_features.py:238: in test_patch_handle_form
    assert me.get("is_creator") is True
E   AssertionError: assert None is True
E    +  where None = &lt;built-in method get of dict object at 0xf9f357d77040&gt;('is_creator')
E    +    where &lt;built-in method get of dict object at 0xf9f357d77040&gt; = {'user_id': 'usr_5683a08230cf', 'email': 'bot1@circle.ai', 'picture': '', 'created_at': '2026-08-18T02:55:37.229000', ...}.get</failure></testcase><testcase classname="tests.test_iter27_features.TestGymsVerifyAndLogo" name="test_logo_upload_accepts_png" time="0.581" /><testcase classname="tests.test_iter27_features.TestSocialYouTube" name="test_public_endpoint_exposes_youtube" time="0.272" /><testcase classname="tests.test_iter27_features.TestSocialYouTube" name="test_clearing_youtube_updates_is_creator" time="0.282"><failure message="AssertionError: assert None is False&#10; +  where None = &lt;built-in method get of dict object at 0xf9f357d7e6c0&gt;('is_creator')&#10; +    where &lt;built-in method get of dict object at 0xf9f357d7e6c0&gt; = {'user_id': 'usr_5683a08230cf', 'email': 'bot1@circle.ai', 'picture': '', 'created_at': '2026-08-18T02:55:37.229000', ...}.get">backend/tests/test_iter27_features.py:260: in test_clearing_youtube_updates_is_creator
    assert me.get("is_creator") is False
E   AssertionError: assert None is False
E    +  where None = &lt;built-in method get of dict object at 0xf9f357d7e6c0&gt;('is_creator')
E    +    where &lt;built-in method get of dict object at 0xf9f357d7e6c0&gt; = {'user_id': 'usr_5683a08230cf', 'email': 'bot1@circle.ai', 'picture': '', 'created_at': '2026-08-18T02:55:37.229000', ...}.get</failure></testcase><testcase classname="tests.test_iter27_features.TestGymsVerifyAndLogo" name="test_non_admin_cannot_upload_logo" time="0.295" /><testcase classname="tests.test_iter27_features.TestExerciseLibrary" name="test_library_has_new_categories" time="0.151" /><testcase classname="tests.test_iter27_features.TestGroupLeveling" name="test_list_groups_meta_fields" time="0.182" /><testcase classname="tests.test_iter27_features.TestExerciseLibrary" name="test_demo_returns_instantly_no_gen" time="0.283" /><testcase classname="tests.test_iter27_features.TestGroupLeveling" name="test_group_detail_meta_fields" time="0.373" /><testcase classname="tests.test_iter27_features.TestProfileGymRank" name="test_profile_gym_rank_shape" time="0.153" /><testcase classname="tests.test_iter27_features.TestEnhancedPEDs" name="test_peds_count_and_new_entries" time="0.116" /></testsuite></testsuites>