<?xml version="1.0" encoding="utf-8"?><testsuites name="pytest tests"><testsuite name="pytest" errors="0" failures="0" skipped="0" tests="8" time="3.096" timestamp="2026-08-20T05:00:28.192048+00:00" hostname="agent-env-a70a5bac-72b5-4fcc-aab5-732095e525cd"><testcase classname="tests.test_iter31_gyms_chatpin.TestGymsNearby" name="test_gyms_nearby_public_returns_real_gyms" time="0.699" /><testcase classname="tests.test_iter31_gyms_chatpin.TestChatPin" name="test_get_pin_initial" time="0.743" /><testcase classname="tests.test_iter31_gyms_chatpin.TestGymsNearby" name="test_gyms_nearby_public_no_auth_needed" time="0.605" /><testcase classname="tests.test_iter31_gyms_chatpin.TestChatPin" name="test_set_pin_admin" time="0.231" /><testcase classname="tests.test_iter31_gyms_chatpin.TestChatPin" name="test_non_admin_cannot_pin" time="0.438" /><testcase classname="tests.test_iter31_gyms_chatpin.TestChatPin" name="test_empty_text_unpins" time="0.503" /><testcase classname="tests.test_iter31_gyms_chatpin.TestChatClear" name="test_non_admin_cannot_clear" time="0.538" /><testcase classname="tests.test_iter31_gyms_chatpin.TestChatClear" name="test_admin_clear_wipes_messages" time="0.934" /></testsuite></testsuites>