<?xml version="1.0" encoding="utf-8"?><testsuites name="pytest tests"><testsuite name="pytest" errors="0" failures="0" skipped="0" tests="31" time="4.261" timestamp="2026-08-19T00:24:11.061647+00:00" hostname="agent-env-a70a5bac-72b5-4fcc-aab5-732095e525cd"><testcase classname="tests.test_refactor_regression.TestRefactorRegression" name="test_founders_spots_public" time="0.397" /><testcase classname="tests.test_refactor_regression.TestAllBotsLogin" name="test_bot_n_login[1]" time="0.409" /><testcase classname="tests.test_refactor_regression.TestAllBotsLogin" name="test_bot_n_login[2]" time="0.486" /><testcase classname="tests.test_refactor_regression.TestRefactorRegression" name="test_active_count_min_10" time="0.498" /><testcase classname="tests.test_refactor_regression.TestAllBotsLogin" name="test_bot_n_login[3]" time="0.279" /><testcase classname="tests.test_refactor_regression.TestRefactorRegression" name="test_auth_login_bot" time="0.000" /><testcase classname="tests.test_refactor_regression.TestRefactorRegression" name="test_auth_me" time="0.055" /><testcase classname="tests.test_refactor_regression.TestRefactorRegression" name="test_leaderboard_xp_returns_bots" time="0.226" /><testcase classname="tests.test_refactor_regression.TestAllBotsLogin" name="test_bot_n_login[4]" time="0.278" /><testcase classname="tests.test_refactor_regression.TestRefactorRegression" name="test_leaderboard_strength" time="0.269" /><testcase classname="tests.test_refactor_regression.TestRefactorRegression" name="test_leaderboard_ratio" time="0.050" /><testcase classname="tests.test_refactor_regression.TestAllBotsLogin" name="test_bot_n_login[5]" time="0.318" /><testcase classname="tests.test_refactor_regression.TestRefactorRegression" name="test_exercises_list" time="0.234" /><testcase classname="tests.test_refactor_regression.TestRefactorRegression" name="test_nutrition_today_get" time="0.051" /><testcase classname="tests.test_refactor_regression.TestAllBotsLogin" name="test_bot_n_login[6]" time="0.315" /><testcase classname="tests.test_refactor_regression.TestRefactorRegression" name="test_nutrition_today_post" time="0.267" /><testcase classname="tests.test_refactor_regression.TestRefactorRegression" name="test_workouts_log" time="0.053" /><testcase classname="tests.test_refactor_regression.TestAllBotsLogin" name="test_bot_n_login[7]" time="0.275" /><testcase classname="tests.test_refactor_regression.TestRefactorRegression" name="test_journey" time="0.268" /><testcase classname="tests.test_refactor_regression.TestAllBotsLogin" name="test_bot_n_login[8]" time="0.270" /><testcase classname="tests.test_refactor_regression.TestRefactorRegression" name="test_quests" time="0.267" /><testcase classname="tests.test_refactor_regression.TestAllBotsLogin" name="test_bot_n_login[9]" time="0.272" /><testcase classname="tests.test_refactor_regression.TestRefactorRegression" name="test_enhanced_status" time="0.263" /><testcase classname="tests.test_refactor_regression.TestRefactorRegression" name="test_founders_list" time="0.282" /><testcase classname="tests.test_refactor_regression.TestAllBotsLogin" name="test_bot_n_login[10]" time="0.280" /><testcase classname="tests.test_refactor_regression.TestRefactorRegression" name="test_cardio_leaderboard" time="0.282" /><testcase classname="tests.test_refactor_regression.TestFounderFreeAccess" name="test_register_marks_founder" time="0.276" /><testcase classname="tests.test_refactor_regression.TestFounderFreeAccess" name="test_auth_me_still_founder" time="0.053" /><testcase classname="tests.test_refactor_regression.TestSupplements" name="test_add_get_remove_supplement" time="0.409" /><testcase classname="tests.test_refactor_regression.TestSocialLinks" name="test_patch_social_sanitizes" time="0.401" /><testcase classname="tests.test_refactor_regression.TestSocialLinks" name="test_users_public_returns_social" time="0.053" /></testsuite></testsuites>