<?xml version="1.0" encoding="utf-8"?><testsuites name="pytest tests"><testsuite name="pytest" errors="0" failures="1" skipped="0" tests="14" time="4.806" timestamp="2026-08-19T16:38:43.909942+00:00" hostname="agent-env-a70a5bac-72b5-4fcc-aab5-732095e525cd"><testcase classname="tests.test_lite_mode_gym.TestInPersonRequest" name="test_request_without_gym_400" time="0.778" /><testcase classname="tests.test_lite_mode_gym.TestRegression" name="test_login_bot" time="0.678" /><testcase classname="tests.test_lite_mode_gym.TestRegression" name="test_auth_me" time="0.673" /><testcase classname="tests.test_lite_mode_gym.TestInPersonRequest" name="test_request_succeeds_after_gym" time="0.626" /><testcase classname="tests.test_lite_mode_gym.TestRegression" name="test_profile_me" time="0.604" /><testcase classname="tests.test_lite_mode_gym.TestInPersonRequest" name="test_request_and_gym_in_same_patch" time="0.617" /><testcase classname="tests.test_lite_mode_gym.TestRegression" name="test_quests_endpoint" time="0.626" /><testcase classname="tests.test_lite_mode_gym.TestLiteModeToggle" name="test_lite_true_sets_mode_selected" time="0.864" /><testcase classname="tests.test_lite_mode_gym.TestRegression" name="test_leaderboard_endpoint" time="0.646"><failure message="AssertionError: {&quot;detail&quot;:&quot;Not Found&quot;}&#10;assert 404 == 200&#10; +  where 404 = &lt;Response [404]&gt;.status_code">backend/tests/test_lite_mode_gym.py:192: in test_leaderboard_endpoint
    assert lb.status_code == 200, lb.text
E   AssertionError: {"detail":"Not Found"}
E   assert 404 == 200
E    +  where 404 = &lt;Response [404]&gt;.status_code</failure></testcase><testcase classname="tests.test_lite_mode_gym.TestLiteModeToggle" name="test_flip_back_to_full" time="0.676" /><testcase classname="tests.test_lite_mode_gym.TestGymField" name="test_gym_saves_to_inperson_gym" time="0.505" /><testcase classname="tests.test_lite_mode_gym.TestGymsPublic" name="test_gyms_public_no_auth" time="0.131" /><testcase classname="tests.test_lite_mode_gym.TestRegisterWithGym" name="test_register_persists_gym_and_request" time="0.702" /><testcase classname="tests.test_lite_mode_gym.TestGymField" name="test_gym_now_appears_in_public_gyms_list" time="0.691" /></testsuite></testsuites>