<?xml version="1.0" encoding="utf-8"?><testsuites name="pytest tests"><testsuite name="pytest" errors="0" failures="0" skipped="1" tests="10" time="2.273" timestamp="2026-08-21T05:23:03.018801+00:00" hostname="agent-env-a70a5bac-72b5-4fcc-aab5-732095e525cd"><testcase classname="tests.test_iter38_baseline_regression.TestDefaultUserDoc" name="test_new_user_baseline_not_set" time="0.521" /><testcase classname="tests.test_iter38_baseline_regression.TestBaselineEndpoint" name="test_baseline_with_real_values" time="0.439" /><testcase classname="tests.test_iter38_baseline_regression.TestBaselineEndpoint" name="test_attributes_differentiated_after_baseline" time="0.072" /><testcase classname="tests.test_iter38_baseline_regression.TestBaselineEndpoint" name="test_baseline_skip_path" time="0.439" /><testcase classname="tests.test_iter38_baseline_regression.TestRegression" name="test_login_owner" time="0.293" /><testcase classname="tests.test_iter38_baseline_regression.TestRegression" name="test_auth_me" time="0.065" /><testcase classname="tests.test_iter38_baseline_regression.TestRegression" name="test_journey" time="0.082" /><testcase classname="tests.test_iter38_baseline_regression.TestRegression" name="test_journey_challenge" time="0.081"><skipped type="pytest.skip" message="no rivals available">/app/backend/tests/test_iter38_baseline_regression.py:205: no rivals available</skipped></testcase><testcase classname="tests.test_iter38_baseline_regression.TestRegression" name="test_leaderboard_level" time="0.069" /><testcase classname="tests.test_iter38_baseline_regression.TestRegression" name="test_revenuecat_webhook_bad_auth" time="0.081" /></testsuite></testsuites>