<?xml version="1.0" encoding="utf-8"?><testsuites name="pytest tests"><testsuite name="pytest" errors="0" failures="0" skipped="0" tests="9" time="5.955" timestamp="2026-08-21T07:00:30.449843+00:00" hostname="agent-env-a70a5bac-72b5-4fcc-aab5-732095e525cd"><testcase classname="tests.test_iter40_features.TestAuthRegression" name="test_register_login_me" time="0.977" /><testcase classname="tests.test_iter40_features.TestFoundersSpots" name="test_spots_no_test_leak" time="0.655" /><testcase classname="tests.test_iter40_features.TestLeaderboards" name="test_xp_leaderboard_no_bots_no_test" time="0.510" /><testcase classname="tests.test_iter40_features.TestLeaderboards" name="test_defender_leaderboard" time="0.509" /><testcase classname="tests.test_iter40_features.TestDigestWeekly" name="test_weekly_shape" time="0.570" /><testcase classname="tests.test_iter40_features.TestBaselineFlows" name="test_first_time_reward_150_and_calibrated_badge" time="0.544" /><testcase classname="tests.test_iter40_features.TestBaselineFlows" name="test_partial_save_from_settings_keeps_other_prs" time="0.811" /><testcase classname="tests.test_iter40_features.TestBaselineFlows" name="test_settings_blank_all_keeps_everything" time="0.673" /><testcase classname="tests.test_iter40_features.TestBaselineFlows" name="test_recap_trend_first_false_on_retest" time="0.576" /></testsuite></testsuites>