<?xml version="1.0" encoding="utf-8"?><testsuites name="pytest tests"><testsuite name="pytest" errors="0" failures="0" skipped="0" tests="20" time="16.521" timestamp="2026-08-21T02:33:25.955571+00:00" hostname="agent-env-a70a5bac-72b5-4fcc-aab5-732095e525cd"><testcase classname="tests.test_iter35_rooms_multigym_fullname.TestCritiqueRooms" name="test_submit_photo[pr]" time="7.736" /><testcase classname="tests.test_iter35_rooms_multigym_fullname.TestMultiGym" name="test_get_mine" time="2.336" /><testcase classname="tests.test_iter35_rooms_multigym_fullname.TestMultiGym" name="test_add_and_dedupe_and_limit" time="1.270" /><testcase classname="tests.test_iter35_rooms_multigym_fullname.TestMultiGym" name="test_set_primary" time="0.197" /><testcase classname="tests.test_iter35_rooms_multigym_fullname.TestMultiGym" name="test_delete_reassigns_primary" time="0.837" /><testcase classname="tests.test_iter35_rooms_multigym_fullname.TestRegisterFullName" name="test_register_without_full_name_400" time="0.350" /><testcase classname="tests.test_iter35_rooms_multigym_fullname.TestRegisterFullName" name="test_register_with_full_name_then_me_returns_it" time="0.529" /><testcase classname="tests.test_iter35_rooms_multigym_fullname.TestJourneyObjectives" name="test_journey_nodes_have_objectives" time="0.144" /><testcase classname="tests.test_iter35_rooms_multigym_fullname.TestAdminPurge" name="test_purge_preview_shape" time="0.121" /><testcase classname="tests.test_iter35_rooms_multigym_fullname.TestAdminMembers" name="test_members_has_full_name" time="0.148" /><testcase classname="tests.test_iter35_rooms_multigym_fullname.TestCritiqueRooms" name="test_submit_photo[form]" time="6.302" /><testcase classname="tests.test_iter35_rooms_multigym_fullname.TestCritiqueRooms" name="test_feed_shows_submitted[pr]" time="0.160" /><testcase classname="tests.test_iter35_rooms_multigym_fullname.TestCritiqueRooms" name="test_feed_shows_submitted[form]" time="0.113" /><testcase classname="tests.test_iter35_rooms_multigym_fullname.TestCritiqueRooms" name="test_like_toggle[pr]" time="0.237" /><testcase classname="tests.test_iter35_rooms_multigym_fullname.TestCritiqueRooms" name="test_like_toggle[form]" time="0.260" /><testcase classname="tests.test_iter35_rooms_multigym_fullname.TestCritiqueRooms" name="test_comment_add_get_delete[pr]" time="0.426" /><testcase classname="tests.test_iter35_rooms_multigym_fullname.TestCritiqueRooms" name="test_comment_add_get_delete[form]" time="0.429" /><testcase classname="tests.test_iter35_rooms_multigym_fullname.TestCritiqueRooms" name="test_leaderboard[pr]" time="0.177" /><testcase classname="tests.test_iter35_rooms_multigym_fullname.TestCritiqueRooms" name="test_leaderboard[form]" time="0.192" /><testcase classname="tests.test_iter35_rooms_multigym_fullname.TestCritiqueRooms" name="test_unknown_room_404" time="0.137" /></testsuite></testsuites>