<?xml version="1.0" encoding="utf-8"?><testsuites name="pytest tests"><testsuite name="pytest" errors="0" failures="0" skipped="0" tests="39" time="74.689" timestamp="2026-08-18T02:22:13.845459+00:00" hostname="agent-env-a70a5bac-72b5-4fcc-aab5-732095e525cd"><testcase classname="tests.test_quests.TestQuestsList" name="test_scope_returns_expected_shape[daily]" time="0.579" /><testcase classname="tests.test_quests.TestQuestsList" name="test_scope_returns_expected_shape[weekly]" time="0.106" /><testcase classname="tests.backend_test.TestChat" name="test_main_room_seeded" time="0.730" /><testcase classname="tests.test_quests.TestQuestsList" name="test_scope_returns_expected_shape[monthly]" time="0.155" /><testcase classname="tests.backend_test.TestChat" name="test_post_main" time="0.160" /><testcase classname="tests.test_quests.TestQuestsList" name="test_scope_all_returns_three_buckets" time="0.125" /><testcase classname="tests.backend_test.TestChat" name="test_the_room_denied_for_intermediate" time="0.155" /><testcase classname="tests.test_quests.TestQuestsList" name="test_scope_invalid" time="0.177" /><testcase classname="tests.test_quests.TestQuestsList" name="test_requires_auth" time="0.302" /><testcase classname="tests.backend_test.TestChat" name="test_the_room_allowed_for_elite" time="0.766" /><testcase classname="tests.backend_test.TestAuth" name="test_register_and_login" time="0.914" /><testcase classname="tests.backend_test.TestWorkouts" name="test_log_workout_awards_milestone_and_xp" time="0.717" /><testcase classname="tests.backend_test.TestWorkouts" name="test_history_contains_log" time="0.579" /><testcase classname="tests.backend_test.TestAuth" name="test_login_wrong_password" time="0.367" /><testcase classname="tests.backend_test.TestWorkouts" name="test_progress_chart" time="0.343" /><testcase classname="tests.backend_test.TestLeaderboards" name="test_boards[xp]" time="0.151" /><testcase classname="tests.backend_test.TestAuth" name="test_me_returns_rank" time="0.135" /><testcase classname="tests.backend_test.TestProfile" name="test_skool_verify_wrong" time="0.132" /><testcase classname="tests.backend_test.TestLeaderboards" name="test_boards[strength]" time="0.149" /><testcase classname="tests.backend_test.TestProfile" name="test_skool_verify_correct" time="0.196" /><testcase classname="tests.backend_test.TestLeaderboards" name="test_boards[ratio]" time="0.156" /><testcase classname="tests.backend_test.TestWeeklyRecap" name="test_recap_shape" time="0.105" /><testcase classname="tests.backend_test.TestProfile" name="test_update_profile" time="0.149" /><testcase classname="tests.backend_test.TestWeeklyRecap" name="test_recap_reflects_new_workout" time="0.544" /><testcase classname="tests.test_quests.TestQuestClaim" name="test_fresh_user_daily_incomplete_then_complete_and_claim" time="3.034" /><testcase classname="tests.backend_test.TestWeeklyRecap" name="test_recap_requires_auth" time="0.122" /><testcase classname="tests.backend_test.TestAI" name="test_ai_denied_for_intermediate" time="0.127" /><testcase classname="tests.backend_test.TestAI" name="test_ai_allowed_for_elite" time="23.580" /><testcase classname="tests.test_quests.TestQuestClaim" name="test_claim_unknown_quest_id" time="0.469" /><testcase classname="tests.test_quests.TestQuestClaim" name="test_global_stats_increment_after_claim" time="1.361" /><testcase classname="tests.backend_test.TestRankPerkBackground" name="test_xp_leaderboard_metric_label_is_level" time="0.490" /><testcase classname="tests.backend_test.TestRankPerkBackground" name="test_rank_up_unlocks_and_equips_perk_background" time="1.297" /><testcase classname="tests.test_quests.TestProfileAttributes" name="test_attributes_shape_for_freak" time="0.461" /><testcase classname="tests.test_quests.TestProfileAttributes" name="test_attributes_requires_auth" time="0.159" /><testcase classname="tests.backend_test.TestPrograms" name="test_list_programs" time="0.466" /><testcase classname="tests.backend_test.TestProgramHistory" name="test_ai_programs_list_reflects_new_program" time="42.089" /><testcase classname="tests.backend_test.TestAISessions" name="test_build_workout_returns_clean_program_text_and_sessions" time="46.100" /><testcase classname="tests.backend_test.TestRankUp" name="test_finish_workout_returns_rank_and_promotion" time="12.526" /><testcase classname="tests.backend_test.TestAISessions" name="test_programs_list_includes_sessions_field" time="0.187" /></testsuite></testsuites>