<?xml version="1.0" encoding="utf-8"?><testsuites name="pytest tests"><testsuite name="pytest" errors="0" failures="0" skipped="0" tests="8" time="4.177" timestamp="2026-08-21T04:15:58.724262+00:00" hostname="agent-env-a70a5bac-72b5-4fcc-aab5-732095e525cd"><testcase classname="tests.test_iter37_admin_quests_atrophy.TestLeaderboardsBotFree" name="test_xp_leaderboard_no_bots" time="0.712" /><testcase classname="tests.test_iter37_admin_quests_atrophy.TestLeaderboardsBotFree" name="test_cardio_leaderboard_no_bots" time="0.110" /><testcase classname="tests.test_iter37_admin_quests_atrophy.TestAdminQuests" name="test_non_admin_forbidden" time="1.041" /><testcase classname="tests.test_iter37_admin_quests_atrophy.TestJourneyAtrophy" name="test_atrophy_present" time="0.190" /><testcase classname="tests.test_iter37_admin_quests_atrophy.TestGymUnreadDots" name="test_unread_gyms_shape" time="0.660" /><testcase classname="tests.test_iter37_admin_quests_atrophy.TestAdminQuests" name="test_get_user_quests" time="0.695" /><testcase classname="tests.test_iter37_admin_quests_atrophy.TestAdminQuests" name="test_override_flips_journey_complete" time="0.774" /><testcase classname="tests.test_iter37_admin_quests_atrophy.TestAdminQuests" name="test_custom_quest_lifecycle" time="1.365" /></testsuite></testsuites>