<?xml version="1.0" encoding="utf-8"?><testsuites name="pytest tests"><testsuite name="pytest" errors="0" failures="0" skipped="0" tests="10" time="5.336" timestamp="2026-08-20T05:21:09.541411+00:00" hostname="agent-env-a70a5bac-72b5-4fcc-aab5-732095e525cd"><testcase classname="tests.test_saved_meals.TestAuthRequired" name="test_get_meals_unauth" time="1.223" /><testcase classname="tests.test_saved_meals.TestAuthRequired" name="test_post_meal_unauth" time="0.151" /><testcase classname="tests.test_saved_meals.TestAuthRequired" name="test_delete_meal_unauth" time="0.115" /><testcase classname="tests.test_saved_meals.TestValidation" name="test_empty_name_returns_400" time="0.454" /><testcase classname="tests.test_saved_meals.TestValidation" name="test_whitespace_name_returns_400" time="0.121" /><testcase classname="tests.test_saved_meals.TestSavedMealsCRUD" name="test_get_returns_meals_key" time="0.102" /><testcase classname="tests.test_saved_meals.TestSavedMealsCRUD" name="test_create_meal_persists" time="0.232" /><testcase classname="tests.test_saved_meals.TestSavedMealsCRUD" name="test_delete_meal" time="0.999" /><testcase classname="tests.test_saved_meals.TestPerUserIsolation" name="test_meals_isolated_between_users" time="0.752" /><testcase classname="tests.test_saved_meals.TestPerUserIsolation" name="test_delete_other_users_meal_is_noop" time="1.119" /></testsuite></testsuites>