<?xml version="1.0" encoding="utf-8"?><testsuites name="pytest tests"><testsuite name="pytest" errors="0" failures="0" skipped="0" tests="11" time="3.038" timestamp="2026-08-20T05:36:08.829535+00:00" hostname="agent-env-a70a5bac-72b5-4fcc-aab5-732095e525cd"><testcase classname="tests.test_nutrition_iter33.TestCustomFoods" name="test_owner_create_custom_food" time="0.822" /><testcase classname="tests.test_nutrition_iter33.TestNutritionGoals" name="test_owner_get_goals" time="0.901" /><testcase classname="tests.test_nutrition_iter33.TestCustomFoods" name="test_member_create_custom_food" time="0.733" /><testcase classname="tests.test_nutrition_iter33.TestNutritionGoals" name="test_member_set_and_persist_goals" time="0.754" /><testcase classname="tests.test_nutrition_iter33.TestCustomFoods" name="test_empty_name_rejected" time="0.137" /><testcase classname="tests.test_nutrition_iter33.TestNutritionGoals" name="test_goals_per_user_isolation" time="0.241" /><testcase classname="tests.test_nutrition_iter33.TestCustomFoods" name="test_list_shows_own_only" time="0.250" /><testcase classname="tests.test_nutrition_iter33.TestNutritionGoals" name="test_goals_no_auth" time="0.092" /><testcase classname="tests.test_nutrition_iter33.TestCustomFoods" name="test_cross_user_delete_isolation" time="0.267" /><testcase classname="tests.test_nutrition_iter33.TestCustomFoods" name="test_self_delete_works" time="0.405" /><testcase classname="tests.test_nutrition_iter33.TestCustomFoods" name="test_foods_no_auth" time="0.094" /></testsuite></testsuites>