<?xml version="1.0" encoding="utf-8"?><testsuites name="pytest tests"><testsuite name="pytest" errors="0" failures="0" skipped="0" tests="17" time="7.770" timestamp="2026-08-18T03:12:58.972953+00:00" hostname="agent-env-a70a5bac-72b5-4fcc-aab5-732095e525cd"><testcase classname="tests.test_new_features.TestSprint" name="test_sprint_log_first_is_best_awards_xp" time="1.179" /><testcase classname="tests.test_new_features.TestBots" name="test_leaderboard_includes_bots[strength]" time="0.725" /><testcase classname="tests.test_new_features.TestBots" name="test_leaderboard_includes_bots[xp]" time="0.451" /><testcase classname="tests.test_new_features.TestBots" name="test_leaderboard_includes_bots[ratio]" time="0.566" /><testcase classname="tests.test_new_features.TestSprint" name="test_sprint_slower_not_best_no_xp" time="1.521" /><testcase classname="tests.test_new_features.TestBots" name="test_cardio_leaderboard_run_includes_bots" time="0.515" /><testcase classname="tests.test_new_features.TestBots" name="test_cardio_leaderboard_bike_includes_bots" time="0.457" /><testcase classname="tests.test_new_features.TestSprint" name="test_sprint_faster_new_best_awards_xp" time="1.387" /><testcase classname="tests.test_new_features.TestHeartRate" name="test_hr_log_and_today" time="0.792" /><testcase classname="tests.test_new_features.TestHeartRate" name="test_hr_partial" time="0.585" /><testcase classname="tests.test_new_features.TestSprint" name="test_sprint_me" time="1.187" /><testcase classname="tests.test_new_features.TestHeartRate" name="test_hr_empty_rejected" time="0.703" /><testcase classname="tests.test_new_features.TestAttributes" name="test_speed_increases_after_fast_sprint" time="1.053" /><testcase classname="tests.test_new_features.TestSteps" name="test_steps_log_and_today" time="0.631" /><testcase classname="tests.test_new_features.TestAttributes" name="test_endurance_increases_after_steps_and_cardio" time="1.125" /><testcase classname="tests.test_new_features.TestSteps" name="test_steps_log_upsert" time="0.995" /><testcase classname="tests.test_new_features.TestActiveCount" name="test_active_count_min_10" time="0.433" /></testsuite></testsuites>