<?xml version="1.0" encoding="utf-8"?><testsuites name="pytest tests"><testsuite name="pytest" errors="0" failures="1" skipped="0" tests="23" time="26.411" timestamp="2026-08-17T22:05:27.831650+00:00" hostname="agent-env-a70a5bac-72b5-4fcc-aab5-732095e525cd"><testcase classname="tests.backend_test.TestAuth" name="test_register_and_login" time="2.289" /><testcase classname="tests.backend_test.TestChat" name="test_main_room_seeded" time="0.729" /><testcase classname="tests.backend_test.TestChat" name="test_post_main" time="0.243" /><testcase classname="tests.backend_test.TestChat" name="test_the_room_denied_for_intermediate" time="0.347" /><testcase classname="tests.backend_test.TestChat" name="test_the_room_allowed_for_elite" time="0.572" /><testcase classname="tests.backend_test.TestWorkouts" name="test_log_workout_awards_milestone_and_xp" time="0.442" /><testcase classname="tests.backend_test.TestAuth" name="test_login_wrong_password" time="0.338" /><testcase classname="tests.backend_test.TestWorkouts" name="test_history_contains_log" time="0.298" /><testcase classname="tests.backend_test.TestWorkouts" name="test_progress_chart" time="0.428" /><testcase classname="tests.backend_test.TestProfile" name="test_skool_verify_wrong" time="0.162" /><testcase classname="tests.backend_test.TestAuth" name="test_me_returns_rank" time="0.568" /><testcase classname="tests.backend_test.TestLeaderboards" name="test_boards[xp]" time="0.126" /><testcase classname="tests.backend_test.TestProfile" name="test_skool_verify_correct" time="0.144" /><testcase classname="tests.backend_test.TestLeaderboards" name="test_boards[strength]" time="0.125" /><testcase classname="tests.backend_test.TestProfile" name="test_update_profile" time="0.143" /><testcase classname="tests.backend_test.TestLeaderboards" name="test_boards[ratio]" time="0.125" /><testcase classname="tests.backend_test.TestWeeklyRecap" name="test_recap_shape" time="0.115" /><testcase classname="tests.backend_test.TestAI" name="test_ai_denied_for_intermediate" time="0.125" /><testcase classname="tests.backend_test.TestWeeklyRecap" name="test_recap_reflects_new_workout" time="0.405" /><testcase classname="tests.backend_test.TestWeeklyRecap" name="test_recap_requires_auth" time="0.273" /><testcase classname="tests.backend_test.TestProgramHistory" name="test_ai_programs_list_reflects_new_program" time="21.761"><failure message="assert 4 == (2 + 1)&#10; +  where 4 = len([{'program_id': 'aiprog_946028e0eb86', 'user_id': 'usr_b6da582cec48', 'request': {'goal': 'hypertrophy', 'split': 'upper_lower', 'days_per_week': 4, 'experience': 'elite', ...}, 'program_text': &quot;# 🔥 COACH HUTCH | ELITE HYPERTROPHY BLOCK\n### Upper/Lower | 4 Days | 200lb Athlete\n\n---\n\n## 📅 WEEKLY SPLIT\n\n| Day | Focus | Primary Movement | Volume Target |\n|-----|-------|-----------------|---------------|\n| Mon | Upper A — Push Heavy | Bench Press | 18–22 sets |\n| Tue | Lower A — Quad Dom | Squat | 20–24 sets |\n| Thu | Upper B — Pull Heavy | Weighted Pull-Up | 18–22 sets |\n| Fri | Lower B — Hip Dom | Deadlift | 16–20 sets |\n\n---\n\n## 💪 PROGRAM DETAIL\n\n### MON — UPPER A (Push Focus)\n| Exercise | Sets × Reps | RPE | Rest |\n|----------|-------------|-----|------|\n| Bench Press | 4 × 6–8 | 8 | 3 min |\n| Incline DB Press | 3 × 10–12 | 7.5 | 2 min |\n| OHP | 3 × 8–10 | 7.5 | 2 min |\n| Cable Lateral Raise | 3 × 15–20 | 7 | 90s |\n| Tricep Rope Pushdown | 3 × 12–15 | 7 | 90s |\n\n### TUE — LOWER A (Quad Dominant)\n| Exercise | Sets × Reps | RPE | Rest |\n|----------|-------------|-----|------|\n| Back Squat | 4 × 6–8 | 8 | 3 min |\n| Leg Press | 3 × 10–12 | 8 | 2 min |\n...8 |\n\n### THU — Push (Volume)\n| Exercise | Sets x Reps | RPE |\n|----------|-------------|-----|\n| Bench (70% 1RM) | 4x6 | 7 |\n| DB Incline | 3x10 | 7.5 |\n| Dips (weighted) | 3x8 | 7.5 |\n| Tricep Pushdown | 3x12 | 6.5 |\n\n### FRI — Pull (Volume)\n| Exercise | Sets x Reps | RPE |\n|----------|-------------|-----|\n| RDL | 4x6 | 7.5 |\n| Chest-Supported Row | 4x8 | 7.5 |\n| Lat Pulldown | 3x10 | 7 |\n| Hammer Curl | 3x12 | 6.5 |\n\n---\n\n## 📈 PROGRESSION SCHEME\n\n- **Heavy days (Mon/Tue/Wed):** Add **5lb** when RPE drops below target. Linear load progression.\n- **Volume days (Thu/Fri):** Double-progression — hit **top of rep range** across all sets before adding load.\n- **Deload every 4 weeks:** Drop to RPE 6, reduce volume 40%.\n\n---\n\n## 📝 COACH HUTCH NOTES\n\n&gt; **RPE is law.** Stop ego-lifting garbage reps. RPE 9 means ONE rep left — not &quot;kinda hard.&quot;\n&gt;\n&gt; **Squat depth first, always.** Elite means no shortcuts at the bottom.\n&gt;\n&gt; **Deadlift:** Brace like your life depends on it. Slack out before you pull.\n&gt;\n&gt; **Recovery is training.** Sleep 8hrs. Eat above maintenance. You\'re not cutting — you\'re **building.**\n\n**Now go move some serious weight. 🏋️**', ...}])">tests/backend_test.py:212: in test_ai_programs_list_reflects_new_program
    assert len(post_rows) == pre_len + 1
E   assert 4 == (2 + 1)
E    +  where 4 = len([{'program_id': 'aiprog_946028e0eb86', 'user_id': 'usr_b6da582cec48', 'request': {'goal': 'hypertrophy', 'split': 'upper_lower', 'days_per_week': 4, 'experience': 'elite', ...}, 'program_text': "# 🔥 COACH HUTCH | ELITE HYPERTROPHY BLOCK\n### Upper/Lower | 4 Days | 200lb Athlete\n\n---\n\n## 📅 WEEKLY SPLIT\n\n| Day | Focus | Primary Movement | Volume Target |\n|-----|-------|-----------------|---------------|\n| Mon | Upper A — Push Heavy | Bench Press | 18–22 sets |\n| Tue | Lower A — Quad Dom | Squat | 20–24 sets |\n| Thu | Upper B — Pull Heavy | Weighted Pull-Up | 18–22 sets |\n| Fri | Lower B — Hip Dom | Deadlift | 16–20 sets |\n\n---\n\n## 💪 PROGRAM DETAIL\n\n### MON — UPPER A (Push Focus)\n| Exercise | Sets × Reps | RPE | Rest |\n|----------|-------------|-----|------|\n| Bench Press | 4 × 6–8 | 8 | 3 min |\n| Incline DB Press | 3 × 10–12 | 7.5 | 2 min |\n| OHP | 3 × 8–10 | 7.5 | 2 min |\n| Cable Lateral Raise | 3 × 15–20 | 7 | 90s |\n| Tricep Rope Pushdown | 3 × 12–15 | 7 | 90s |\n\n### TUE — LOWER A (Quad Dominant)\n| Exercise | Sets × Reps | RPE | Rest |\n|----------|-------------|-----|------|\n| Back Squat | 4 × 6–8 | 8 | 3 min |\n| Leg Press | 3 × 10–12 | 8 | 2 min |\n...8 |\n\n### THU — Push (Volume)\n| Exercise | Sets x Reps | RPE |\n|----------|-------------|-----|\n| Bench (70% 1RM) | 4x6 | 7 |\n| DB Incline | 3x10 | 7.5 |\n| Dips (weighted) | 3x8 | 7.5 |\n| Tricep Pushdown | 3x12 | 6.5 |\n\n### FRI — Pull (Volume)\n| Exercise | Sets x Reps | RPE |\n|----------|-------------|-----|\n| RDL | 4x6 | 7.5 |\n| Chest-Supported Row | 4x8 | 7.5 |\n| Lat Pulldown | 3x10 | 7 |\n| Hammer Curl | 3x12 | 6.5 |\n\n---\n\n## 📈 PROGRESSION SCHEME\n\n- **Heavy days (Mon/Tue/Wed):** Add **5lb** when RPE drops below target. Linear load progression.\n- **Volume days (Thu/Fri):** Double-progression — hit **top of rep range** across all sets before adding load.\n- **Deload every 4 weeks:** Drop to RPE 6, reduce volume 40%.\n\n---\n\n## 📝 COACH HUTCH NOTES\n\n&gt; **RPE is law.** Stop ego-lifting garbage reps. RPE 9 means ONE rep left — not "kinda hard."\n&gt;\n&gt; **Squat depth first, always.** Elite means no shortcuts at the bottom.\n&gt;\n&gt; **Deadlift:** Brace like your life depends on it. Slack out before you pull.\n&gt;\n&gt; **Recovery is training.** Sleep 8hrs. Eat above maintenance. You\'re not cutting — you\'re **building.**\n\n**Now go move some serious weight. 🏋️**', ...}])</failure></testcase><testcase classname="tests.backend_test.TestAI" name="test_ai_allowed_for_elite" time="21.017" /><testcase classname="tests.backend_test.TestPrograms" name="test_list_programs" time="0.458" /></testsuite></testsuites>