<?xml version="1.0" encoding="utf-8"?><testsuites name="pytest tests"><testsuite name="pytest" errors="0" failures="1" skipped="0" tests="10" time="3.916" timestamp="2026-08-21T03:18:19.073077+00:00" hostname="agent-env-a70a5bac-72b5-4fcc-aab5-732095e525cd"><testcase classname="tests.test_iter36_tap_checkin_gymchat.TestPerGymChat" name="test_post_and_get_specific_gym" time="1.076" /><testcase classname="tests.test_iter36_tap_checkin_gymchat.TestTapCheckIn" name="test_check_in_no_location_awards_xp" time="1.173" /><testcase classname="tests.test_iter36_tap_checkin_gymchat.TestTapCheckIn" name="test_checkins_status_shape" time="0.276" /><testcase classname="tests.test_iter36_tap_checkin_gymchat.TestTapCheckIn" name="test_check_in_missing_gym_returns_400" time="0.111" /><testcase classname="tests.test_iter36_tap_checkin_gymchat.TestPerGymChat" name="test_non_member_post_forbidden" time="0.984" /><testcase classname="tests.test_iter36_tap_checkin_gymchat.TestExistingRoomsUnchanged" name="test_main_room_still_works" time="0.143" /><testcase classname="tests.test_iter36_tap_checkin_gymchat.TestExistingRoomsUnchanged" name="test_the_room_gate_owner" time="0.712" /><testcase classname="tests.test_iter36_tap_checkin_gymchat.TestPerGymChat" name="test_pin_and_clear_accept_gym_param" time="1.425" /><testcase classname="tests.test_iter36_tap_checkin_gymchat.TestGymsMinePayload" name="test_mine_has_id_and_checked_flag" time="0.577" /><testcase classname="tests.test_iter36_tap_checkin_gymchat.TestPerGymChat" name="test_default_gym_when_no_param" time="0.115"><failure message="AssertionError: {&quot;detail&quot;:&quot;Set your gym in Profile to join its chat&quot;}&#10;assert 403 == 200&#10; +  where 403 = &lt;Response [403]&gt;.status_code">backend/tests/test_iter36_tap_checkin_gymchat.py:224: in test_default_gym_when_no_param
    assert r.status_code == 200, r.text[:200]
E   AssertionError: {"detail":"Set your gym in Profile to join its chat"}
E   assert 403 == 200
E    +  where 403 = &lt;Response [403]&gt;.status_code</failure></testcase></testsuite></testsuites>