<?xml version="1.0" encoding="utf-8"?><testsuites name="pytest tests"><testsuite name="pytest" errors="0" failures="0" skipped="0" tests="12" time="7.134" timestamp="2026-08-21T06:35:41.265861+00:00" hostname="agent-env-a70a5bac-72b5-4fcc-aab5-732095e525cd"><testcase classname="tests.test_iter39_features.TestRegression" name="test_founders_spots_invariant" time="0.139" /><testcase classname="tests.test_iter39_features.TestRegression" name="test_register_login_me" time="0.820" /><testcase classname="tests.test_iter39_features.TestRegression" name="test_founders_spots_unchanged_after_register" time="0.125" /><testcase classname="tests.test_iter39_features.TestLeaderboards" name="test_xp_board_no_bots" time="0.400" /><testcase classname="tests.test_iter39_features.TestLeaderboards" name="test_defender_board_shape" time="0.417" /><testcase classname="tests.test_iter39_features.TestBaseline" name="test_baseline_real_values" time="0.447" /><testcase classname="tests.test_iter39_features.TestBaseline" name="test_baseline_skip_zero_reward" time="0.572" /><testcase classname="tests.test_iter39_features.TestBaseline" name="test_baseline_retest_blank_keeps_existing" time="0.553" /><testcase classname="tests.test_iter39_features.TestRivalRaces" name="test_challenge_and_races_shape" time="0.948" /><testcase classname="tests.test_iter39_features.TestRivalRaces" name="test_winner_reward_and_badge" time="1.079" /><testcase classname="tests.test_iter39_features.TestRivalRaces" name="test_shield_defender_bronze_after_3_nudges" time="1.065" /><testcase classname="tests.test_iter39_features.TestWeeklyDigest" name="test_digest_shape" time="0.517" /></testsuite></testsuites>