<?xml version="1.0" encoding="utf-8"?><testsuites name="pytest tests"><testsuite name="pytest" errors="0" failures="0" skipped="0" tests="23" time="5.095" timestamp="2026-08-20T23:44:22.487154+00:00" hostname="agent-env-a70a5bac-72b5-4fcc-aab5-732095e525cd"><testcase classname="tests.test_iter34_features.TestNutritionGoalsWater" name="test_get_goals_includes_water_goal" time="0.611" /><testcase classname="tests.test_iter34_features.TestNutritionGoalsWater" name="test_post_goals_preserves_water_goal" time="0.588" /><testcase classname="tests.test_iter34_features.TestAdminDeleteMember" name="test_non_admin_forbidden" time="1.322" /><testcase classname="tests.test_iter34_features.TestNutritionGoalsWater" name="test_post_water_below_goal_returns_shape" time="0.304" /><testcase classname="tests.test_iter34_features.TestNutritionGoalsWater" name="test_post_water_meets_goal" time="0.421" /><testcase classname="tests.test_iter34_features.TestAdminDeleteMember" name="test_delete_self_400" time="0.797" /><testcase classname="tests.test_iter34_features.TestNutritionGoalsWater" name="test_water_ml_clamped" time="0.290" /><testcase classname="tests.test_iter34_features.TestAdminDeleteMember" name="test_delete_admin_rejected" time="0.228" /><testcase classname="tests.test_iter34_features.TestNutritionGoalsWater" name="test_nutrition_today_includes_water" time="0.215" /><testcase classname="tests.test_iter34_features.TestAdminDeleteMember" name="test_delete_unknown_404" time="0.120" /><testcase classname="tests.test_iter34_features.TestNutritionGoalsWater" name="test_water_requires_auth" time="0.129" /><testcase classname="tests.test_iter34_features.TestAdminDeleteMember" name="test_admin_delete_success" time="0.356" /><testcase classname="tests.test_iter34_features.TestHeartRate" name="test_log_current_bpm" time="0.147" /><testcase classname="tests.test_iter34_features.TestHeartRate" name="test_get_heart_rate_today_returns_current_bpm" time="0.201" /><testcase classname="tests.test_iter34_features.TestFounders" name="test_founders_list_200" time="0.149" /><testcase classname="tests.test_iter34_features.TestHeartRate" name="test_log_only_current_bpm" time="0.273" /><testcase classname="tests.test_iter34_features.TestFounders" name="test_founders_includes_owner_admin" time="0.334" /><testcase classname="tests.test_iter34_features.TestHeartRate" name="test_log_empty_rejected" time="0.113" /><testcase classname="tests.test_iter34_features.TestGymsNearby" name="test_gyms_nearby_shape" time="0.386" /><testcase classname="tests.test_iter34_features.TestFounders" name="test_founders_spots_public" time="0.184" /><testcase classname="tests.test_iter34_features.TestFounders" name="test_profile_me_adds_founder_badge_if_eligible" time="0.225" /><testcase classname="tests.test_iter34_features.TestGymsNearby" name="test_gyms_nearby_cached_on_second_call" time="0.890" /><testcase classname="tests.test_iter34_features.TestGymsNearby" name="test_gyms_nearby_requires_auth" time="0.118" /></testsuite></testsuites>