<?xml version="1.0" encoding="utf-8"?><testsuites name="pytest tests"><testsuite name="pytest" errors="0" failures="0" skipped="0" tests="16" time="2.564" timestamp="2026-08-18T03:33:07.702687+00:00" hostname="agent-env-a70a5bac-72b5-4fcc-aab5-732095e525cd"><testcase classname="tests.test_workout_revamp.TestExerciseStats" name="test_stats_bench_all_populated" time="0.643" /><testcase classname="tests.test_workout_revamp.TestExerciseLibrary" name="test_returns_library_and_custom" time="0.755" /><testcase classname="tests.test_workout_revamp.TestExerciseStats" name="test_stats_ranges_all_return_200[1w]" time="0.164" /><testcase classname="tests.test_workout_revamp.TestExerciseStats" name="test_stats_ranges_all_return_200[1m]" time="0.288" /><testcase classname="tests.test_workout_revamp.TestExerciseLibrary" name="test_add_custom_exercise" time="0.555" /><testcase classname="tests.test_workout_revamp.TestExerciseStats" name="test_stats_ranges_all_return_200[3m]" time="0.195" /><testcase classname="tests.test_workout_revamp.TestExerciseStats" name="test_stats_ranges_all_return_200[all]" time="0.130" /><testcase classname="tests.test_workout_revamp.TestExerciseLibrary" name="test_add_custom_rejects_empty" time="0.148" /><testcase classname="tests.test_workout_revamp.TestExerciseStats" name="test_stats_unknown_exercise_returns_zeros" time="0.134" /><testcase classname="tests.test_workout_revamp.TestSkool4882" name="test_correct_code" time="0.154" /><testcase classname="tests.test_workout_revamp.TestExerciseStats" name="test_log_returns_sessions_with_sets" time="0.109" /><testcase classname="tests.test_workout_revamp.TestSkool4882" name="test_wrong_code_returns_400" time="0.098" /><testcase classname="tests.test_workout_revamp.TestExerciseStats" name="test_graph_returns_points" time="0.101" /><testcase classname="tests.test_workout_revamp.TestSkool4882" name="test_old_long_code_rejected" time="0.123" /><testcase classname="tests.test_workout_revamp.TestWorkoutTemplates" name="test_returns_8_named_templates" time="0.150" /><testcase classname="tests.test_workout_revamp.TestPushSplitLog" name="test_push_split_logs_and_bench_pr" time="0.338" /></testsuite></testsuites>